<?xml version="1.0" encoding="utf-8"?>
<!-- 
   Copyright 2012,2013,2015,2016 the original author or authors. All rights reserved.
   site: http://www.ganshane.com
-->

<monad_sync>
  <log_file>${server_home}/log</log_file>
  <group_api>http://localhost:9081/api</group_api>
  <sync>
    <data>
      <partition id="1" weight="1"/>
      <partition id="2" weight="10"/>
    </data>
  </sync>
</monad_sync>
